2023-01-04 10:51:26,552 [https-jsse-nio-8443-exec-9] ERROR org.apache.velocity - Left side ($unassignedNodes) of '>' operation has null value at loader_status.vm[line 15, column 24]
2023-01-04 10:59:56,137 [https-jsse-nio-8443-exec-2] ERROR org.apache.velocity - Left side ($loadStatuses.size()) of '>' operation has null value at showloadings.vm[line 85, column 28]
2023-01-04 11:00:10,017 [https-jsse-nio-8443-exec-6] ERROR org.apache.velocity - Left side ($loadStatuses.size()) of '>' operation has null value at showloadings.vm[line 85, column 28]
2023-01-04 11:00:11,918 [https-jsse-nio-8443-exec-5] ERROR org.apache.velocity - Left side ($loadStatuses.size()) of '>' operation has null value at showloadings.vm[line 85, column 28]
2023-01-04 11:00:12,784 [https-jsse-nio-8443-exec-2] ERROR org.apache.velocity - Left side ($loadStatuses.size()) of '>' operation has null value at showloadings.vm[line 85, column 28]
2023-01-04 13:23:44,549 [https-jsse-nio-8443-exec-7] ERROR org.apache.velocity - Left side ($loadStatuses.size()) of '>' operation has null value at showloadings.vm[line 85, column 28]
2023-01-04 13:23:55,344 [https-jsse-nio-8443-exec-1] ERROR org.apache.velocity - Left side ($loadStatuses.size()) of '>' operation has null value at showloadings.vm[line 85, column 28]
2023-01-04 13:23:57,236 [https-jsse-nio-8443-exec-10] ERROR org.apache.velocity - Left side ($loadStatuses.size()) of '>' operation has null value at showloadings.vm[line 85, column 28]
2023-01-04 13:23:57,727 [https-jsse-nio-8443-exec-4] ERROR org.apache.velocity - Left side ($loadStatuses.size()) of '>' operation has null value at showloadings.vm[line 85, column 28]
2023-01-04 13:23:59,577 [https-jsse-nio-8443-exec-2] ERROR org.apache.velocity - Left side ($loadStatuses.size()) of '>' operation has null value at showloadings.vm[line 85, column 28]
2023-01-04 13:24:07,036 [https-jsse-nio-8443-exec-6] ERROR org.apache.velocity - Left side ($loadStatuses.size()) of '>' operation has null value at showloadings.vm[line 85, column 28]
2023-01-04 13:24:08,559 [https-jsse-nio-8443-exec-10] ERROR org.apache.velocity - Left side ($loadStatuses.size()) of '>' operation has null value at showloadings.vm[line 85, column 28]
2023-01-04 13:24:12,640 [https-jsse-nio-8443-exec-5] ERROR org.apache.velocity - Left side ($loadStatuses.size()) of '>' operation has null value at showloadings.vm[line 85, column 28]
2023-01-04 13:24:13,453 [https-jsse-nio-8443-exec-2] ERROR org.apache.velocity - Left side ($loadStatuses.size()) of '>' operation has null value at showloadings.vm[line 85, column 28]
2023-01-04 13:42:49,455 [https-jsse-nio-8443-exec-8] ERROR org.apache.velocity - Left side ($unassignedNodes) of '>' operation has null value at loader_status.vm[line 15, column 24]
2023-01-04 15:52:02,311 [https-jsse-nio-8443-exec-1] ERROR org.apache.velocity - Left side ($loadStatuses.size()) of '>' operation has null value at showloadings.vm[line 85, column 28]
2023-01-04 15:52:09,418 [https-jsse-nio-8443-exec-2] ERROR org.apache.velocity - Left side ($loadStatuses.size()) of '>' operation has null value at showloadings.vm[line 85, column 28]
2023-01-04 15:52:11,307 [https-jsse-nio-8443-exec-6] ERROR org.apache.velocity - Left side ($loadStatuses.size()) of '>' operation has null value at showloadings.vm[line 85, column 28]
2023-01-04 15:52:11,931 [https-jsse-nio-8443-exec-3] ERROR org.apache.velocity - Left side ($loadStatuses.size()) of '>' operation has null value at showloadings.vm[line 85, column 28]
2023-01-04 15:52:13,448 [https-jsse-nio-8443-exec-8] ERROR org.apache.velocity - Left side ($loadStatuses.size()) of '>' operation has null value at showloadings.vm[line 85, column 28]
2023-01-04 15:52:13,825 [https-jsse-nio-8443-exec-9] ERROR org.apache.velocity - Left side ($loadStatuses.size()) of '>' operation has null value at showloadings.vm[line 85, column 28]
2023-01-04 16:35:35,748 [https-jsse-nio-8443-exec-5] ERROR org.apache.velocity - Left side ($loadStatuses.size()) of '>' operation has null value at showloadings.vm[line 85, column 28]
2023-01-04 16:35:42,191 [https-jsse-nio-8443-exec-7] ERROR org.apache.velocity - Left side ($loadStatuses.size()) of '>' operation has null value at showloadings.vm[line 85, column 28]
2023-01-04 16:35:43,896 [https-jsse-nio-8443-exec-3] ERROR org.apache.velocity - Left side ($loadStatuses.size()) of '>' operation has null value at showloadings.vm[line 85, column 28]
2023-01-04 16:35:44,499 [https-jsse-nio-8443-exec-8] ERROR org.apache.velocity - Left side ($loadStatuses.size()) of '>' operation has null value at showloadings.vm[line 85, column 28]
2023-01-04 16:35:45,649 [https-jsse-nio-8443-exec-9] ERROR org.apache.velocity - Left side ($loadStatuses.size()) of '>' operation has null value at showloadings.vm[line 85, column 28]
2023-01-04 16:35:46,016 [https-jsse-nio-8443-exec-2] ERROR org.apache.velocity - Left side ($loadStatuses.size()) of '>' operation has null value at showloadings.vm[line 85, column 28]
2023-01-05 05:29:14,789 [https-jsse-nio-8443-exec-1] ERROR org.apache.velocity - Left side ($unassignedNodes) of '>' operation has null value at loader_status.vm[line 15, column 24]
2023-01-05 05:35:43,766 [https-jsse-nio-8443-exec-2] ERROR org.apache.velocity - Left side ($unassignedNodes) of '>' operation has null value at loader_status.vm[line 15, column 24]
2023-01-05 06:11:35,419 [https-jsse-nio-8443-exec-4] ERROR org.apache.velocity - Left side ($unassignedNodes) of '>' operation has null value at loader_status.vm[line 15, column 24]
2023-01-05 06:36:26,534 [https-jsse-nio-8443-exec-10] ERROR org.apache.velocity - Left side ($unassignedNodes) of '>' operation has null value at loader_status.vm[line 15, column 24]
2023-01-05 07:53:14,939 [https-jsse-nio-8443-exec-10] ERROR org.apache.velocity - Left side ($unassignedNodes) of '>' operation has null value at loader_status.vm[line 15, column 24]
2023-01-05 08:51:18,014 [https-jsse-nio-8443-exec-2] ERROR org.apache.velocity - Left side ($unassignedNodes) of '>' operation has null value at loader_status.vm[line 15, column 24]
2023-01-05 08:51:26,411 [https-jsse-nio-8443-exec-5] ERROR org.apache.velocity - Left side ($unassignedNodes) of '>' operation has null value at loader_status.vm[line 15, column 24]
2023-01-05 09:44:09,785 [https-jsse-nio-8443-exec-1] ERROR org.apache.velocity - Left side ($unassignedNodes) of '>' operation has null value at loader_status.vm[line 15, column 24]
2023-01-05 09:45:11,106 [https-jsse-nio-8443-exec-5] ERROR org.apache.velocity - Left side ($unassignedNodes) of '>' operation has null value at loader_status.vm[line 15, column 24]
2023-01-05 10:14:13,300 [https-jsse-nio-8443-exec-7] ERROR org.apache.velocity - Left side ($unassignedNodes) of '>' operation has null value at loader_status.vm[line 15, column 24]
2023-01-05 11:45:11,439 [https-jsse-nio-8443-exec-10] ERROR org.apache.velocity - Left side ($unassignedNodes) of '>' operation has null value at loader_status.vm[line 15, column 24]
2023-01-05 12:12:45,252 [https-jsse-nio-8443-exec-7] ERROR org.apache.velocity - Left side ($unassignedNodes) of '>' operation has null value at loader_status.vm[line 15, column 24]
2023-01-05 14:14:14,990 [https-jsse-nio-8443-exec-9] ERROR org.apache.velocity - Left side ($unassignedNodes) of '>' operation has null value at loader_status.vm[line 15, column 24]
2023-01-05 14:17:31,380 [https-jsse-nio-8443-exec-8] ERROR org.apache.velocity - Left side ($unassignedNodes) of '>' operation has null value at loader_status.vm[line 15, column 24]
2023-01-05 16:16:18,326 [https-jsse-nio-8443-exec-7] ERROR org.apache.velocity - Left side ($unassignedNodes) of '>' operation has null value at loader_status.vm[line 15, column 24]
2023-01-06 06:27:52,977 [https-jsse-nio-8443-exec-3] ERROR org.apache.velocity - Left side ($unassignedNodes) of '>' operation has null value at loader_status.vm[line 15, column 24]
2023-01-06 06:42:01,380 [https-jsse-nio-8443-exec-9] ERROR org.apache.velocity - Left side ($unassignedNodes) of '>' operation has null value at loader_status.vm[line 15, column 24]
2023-01-06 07:00:57,099 [https-jsse-nio-8443-exec-8] ERROR org.apache.velocity - Left side ($day.size()) of '>' operation has null value at show_aggregations.vm[line 187, column 19]
2023-01-06 07:00:57,100 [https-jsse-nio-8443-exec-8] ERROR org.apache.velocity - Left side ($week.size()) of '>' operation has null value at show_aggregations.vm[line 420, column 20]
2023-01-06 07:00:57,100 [https-jsse-nio-8443-exec-8] ERROR org.apache.velocity - Left side ($month.size()) of '>' operation has null value at show_aggregations.vm[line 649, column 21]
2023-01-06 07:00:57,101 [https-jsse-nio-8443-exec-8] ERROR org.apache.velocity - Left side ($day.size()) of '>' operation has null value at show_aggregations.vm[line 871, column 19]
2023-01-06 07:00:57,101 [https-jsse-nio-8443-exec-8] ERROR org.apache.velocity - Left side ($month.size()) of '>' operation has null value at show_aggregations.vm[line 871, column 40]
2023-01-06 07:00:57,101 [https-jsse-nio-8443-exec-8] ERROR org.apache.velocity - Left side ($week.size()) of '>' operation has null value at show_aggregations.vm[line 871, column 60]
2023-01-06 08:15:25,269 [https-jsse-nio-8443-exec-1] ERROR org.apache.velocity - Left side ($unassignedNodes) of '>' operation has null value at loader_status.vm[line 15, column 24]
2023-01-06 10:54:27,285 [https-jsse-nio-8443-exec-6] ERROR org.apache.velocity - Left side ($loadStatuses.size()) of '>' operation has null value at showloadings.vm[line 85, column 28]
2023-01-06 10:55:59,062 [https-jsse-nio-8443-exec-1] ERROR org.apache.velocity - Left side ($loadStatuses.size()) of '>' operation has null value at showloadings.vm[line 85, column 28]
2023-01-06 12:23:34,807 [https-jsse-nio-8443-exec-8] ERROR org.apache.velocity - Left side ($loadStatuses.size()) of '>' operation has null value at showloadings.vm[line 85, column 28]
2023-01-09 12:43:37,101 [https-jsse-nio-8443-exec-2] ERROR org.apache.velocity - Left side ($unassignedNodes) of '>' operation has null value at loader_status.vm[line 15, column 24]
2023-01-09 13:37:43,406 [https-jsse-nio-8443-exec-9] ERROR org.apache.velocity - Left side ($unassignedNodes) of '>' operation has null value at loader_status.vm[line 15, column 24]
2023-01-10 05:38:39,305 [https-jsse-nio-8443-exec-4] ERROR org.apache.velocity - Left side ($unassignedNodes) of '>' operation has null value at loader_status.vm[line 15, column 24]
2023-01-10 05:39:04,445 [https-jsse-nio-8443-exec-3] ERROR org.apache.velocity - Left side ($unassignedNodes) of '>' operation has null value at loader_status.vm[line 15, column 24]
2023-01-10 05:39:35,909 [https-jsse-nio-8443-exec-7] ERROR org.apache.velocity - Left side ($unassignedNodes) of '>' operation has null value at loader_status.vm[line 15, column 24]
2023-01-10 06:09:19,403 [https-jsse-nio-8443-exec-8] ERROR org.apache.velocity - Left side ($unassignedNodes) of '>' operation has null value at loader_status.vm[line 15, column 24]
2023-01-10 09:40:06,051 [https-jsse-nio-8443-exec-4] ERROR org.apache.velocity - Left side ($consoleLog.size()) of '>' operation has null value at Precheck.vm[line 46, column 33]
2023-01-10 09:40:07,565 [https-jsse-nio-8443-exec-4] ERROR org.apache.velocity - Left side ($consoleLog.size()) of '>' operation has null value at Precheck.vm[line 46, column 33]
2023-01-10 09:40:08,203 [https-jsse-nio-8443-exec-3] ERROR org.apache.velocity - Left side ($consoleLog.size()) of '>' operation has null value at Precheck.vm[line 46, column 33]
2023-01-10 09:40:12,498 [https-jsse-nio-8443-exec-10] ERROR org.apache.velocity - Left side ($consoleLog.size()) of '>' operation has null value at Precheck.vm[line 46, column 33]
2023-01-10 09:40:16,748 [https-jsse-nio-8443-exec-8] ERROR org.apache.velocity - Left side ($consoleLog.size()) of '>' operation has null value at Precheck.vm[line 46, column 33]
2023-01-10 09:40:21,010 [https-jsse-nio-8443-exec-4] ERROR org.apache.velocity - Left side ($consoleLog.size()) of '>' operation has null value at Precheck.vm[line 46, column 33]
2023-01-10 09:40:25,288 [https-jsse-nio-8443-exec-9] ERROR org.apache.velocity - Left side ($consoleLog.size()) of '>' operation has null value at Precheck.vm[line 46, column 33]
2023-01-10 13:35:32,521 [https-jsse-nio-8443-exec-4] ERROR org.apache.velocity - Left side ($loadStatuses.size()) of '>' operation has null value at showloadings.vm[line 85, column 28]
2023-01-10 13:35:32,645 [https-jsse-nio-8443-exec-5] ERROR org.apache.velocity - Left side ($loadStatuses.size()) of '>' operation has null value at showloadings.vm[line 85, column 28]
2023-01-10 13:35:47,453 [https-jsse-nio-8443-exec-8] ERROR org.apache.velocity - Left side ($loadStatuses.size()) of '>' operation has null value at showloadings.vm[line 85, column 28]
2023-01-10 13:35:52,763 [https-jsse-nio-8443-exec-2] ERROR org.apache.velocity - Left side ($loadStatuses.size()) of '>' operation has null value at showloadings.vm[line 85, column 28]
2023-01-10 13:37:27,766 [https-jsse-nio-8443-exec-7] ERROR org.apache.velocity - Left side ($loadStatuses.size()) of '>' operation has null value at showloadings.vm[line 85, column 28]
2023-01-10 13:37:38,825 [https-jsse-nio-8443-exec-6] ERROR org.apache.velocity - Left side ($loadStatuses.size()) of '>' operation has null value at showloadings.vm[line 85, column 28]
2023-01-10 13:38:12,674 [https-jsse-nio-8443-exec-4] ERROR org.apache.velocity - Left side ($loadStatuses.size()) of '>' operation has null value at showloadings.vm[line 85, column 28]
2023-01-10 13:38:23,703 [https-jsse-nio-8443-exec-4] ERROR org.apache.velocity - Left side ($day.size()) of '>' operation has null value at show_aggregations.vm[line 187, column 19]
2023-01-10 13:38:23,703 [https-jsse-nio-8443-exec-4] ERROR org.apache.velocity - Left side ($week.size()) of '>' operation has null value at show_aggregations.vm[line 420, column 20]
2023-01-10 13:38:23,703 [https-jsse-nio-8443-exec-4] ERROR org.apache.velocity - Left side ($month.size()) of '>' operation has null value at show_aggregations.vm[line 649, column 21]
2023-01-10 13:38:23,703 [https-jsse-nio-8443-exec-4] ERROR org.apache.velocity - Left side ($day.size()) of '>' operation has null value at show_aggregations.vm[line 871, column 19]
2023-01-10 13:38:23,703 [https-jsse-nio-8443-exec-4] ERROR org.apache.velocity - Left side ($month.size()) of '>' operation has null value at show_aggregations.vm[line 871, column 40]
2023-01-10 13:38:23,703 [https-jsse-nio-8443-exec-4] ERROR org.apache.velocity - Left side ($week.size()) of '>' operation has null value at show_aggregations.vm[line 871, column 60]
2023-01-10 13:39:09,111 [https-jsse-nio-8443-exec-9] ERROR org.apache.velocity - Left side ($day.size()) of '>' operation has null value at show_aggregations.vm[line 187, column 19]
2023-01-10 13:39:09,112 [https-jsse-nio-8443-exec-9] ERROR org.apache.velocity - Left side ($week.size()) of '>' operation has null value at show_aggregations.vm[line 420, column 20]
2023-01-10 13:39:09,112 [https-jsse-nio-8443-exec-9] ERROR org.apache.velocity - Left side ($month.size()) of '>' operation has null value at show_aggregations.vm[line 649, column 21]
2023-01-10 13:39:09,112 [https-jsse-nio-8443-exec-9] ERROR org.apache.velocity - Left side ($day.size()) of '>' operation has null value at show_aggregations.vm[line 871, column 19]
2023-01-10 13:39:09,112 [https-jsse-nio-8443-exec-9] ERROR org.apache.velocity - Left side ($month.size()) of '>' operation has null value at show_aggregations.vm[line 871, column 40]
2023-01-10 13:39:09,112 [https-jsse-nio-8443-exec-9] ERROR org.apache.velocity - Left side ($week.size()) of '>' operation has null value at show_aggregations.vm[line 871, column 60]
2023-01-10 13:39:20,285 [https-jsse-nio-8443-exec-7] ERROR org.apache.velocity - Left side ($day.size()) of '>' operation has null value at show_aggregations.vm[line 187, column 19]
2023-01-10 13:39:20,285 [https-jsse-nio-8443-exec-7] ERROR org.apache.velocity - Left side ($week.size()) of '>' operation has null value at show_aggregations.vm[line 420, column 20]
2023-01-10 13:39:20,285 [https-jsse-nio-8443-exec-7] ERROR org.apache.velocity - Left side ($month.size()) of '>' operation has null value at show_aggregations.vm[line 649, column 21]
2023-01-10 13:39:20,285 [https-jsse-nio-8443-exec-7] ERROR org.apache.velocity - Left side ($day.size()) of '>' operation has null value at show_aggregations.vm[line 871, column 19]
2023-01-10 13:39:20,285 [https-jsse-nio-8443-exec-7] ERROR org.apache.velocity - Left side ($month.size()) of '>' operation has null value at show_aggregations.vm[line 871, column 40]
2023-01-10 13:39:20,285 [https-jsse-nio-8443-exec-7] ERROR org.apache.velocity - Left side ($week.size()) of '>' operation has null value at show_aggregations.vm[line 871, column 60]
2023-01-10 13:39:24,477 [https-jsse-nio-8443-exec-4] ERROR org.apache.velocity - Left side ($day.size()) of '>' operation has null value at show_aggregations.vm[line 187, column 19]
2023-01-10 13:39:24,477 [https-jsse-nio-8443-exec-4] ERROR org.apache.velocity - Left side ($week.size()) of '>' operation has null value at show_aggregations.vm[line 420, column 20]
2023-01-10 13:39:24,477 [https-jsse-nio-8443-exec-4] ERROR org.apache.velocity - Left side ($month.size()) of '>' operation has null value at show_aggregations.vm[line 649, column 21]
2023-01-10 13:39:24,477 [https-jsse-nio-8443-exec-4] ERROR org.apache.velocity - Left side ($day.size()) of '>' operation has null value at show_aggregations.vm[line 871, column 19]
2023-01-10 13:39:24,478 [https-jsse-nio-8443-exec-4] ERROR org.apache.velocity - Left side ($month.size()) of '>' operation has null value at show_aggregations.vm[line 871, column 40]
2023-01-10 13:39:24,478 [https-jsse-nio-8443-exec-4] ERROR org.apache.velocity - Left side ($week.size()) of '>' operation has null value at show_aggregations.vm[line 871, column 60]
2023-01-10 13:41:16,164 [https-jsse-nio-8443-exec-5] ERROR org.apache.velocity - Left side ($day.size()) of '>' operation has null value at show_aggregations.vm[line 187, column 19]
2023-01-10 13:41:16,165 [https-jsse-nio-8443-exec-5] ERROR org.apache.velocity - Left side ($week.size()) of '>' operation has null value at show_aggregations.vm[line 420, column 20]
2023-01-10 13:41:16,165 [https-jsse-nio-8443-exec-5] ERROR org.apache.velocity - Left side ($month.size()) of '>' operation has null value at show_aggregations.vm[line 649, column 21]
2023-01-10 13:41:16,165 [https-jsse-nio-8443-exec-5] ERROR org.apache.velocity - Left side ($day.size()) of '>' operation has null value at show_aggregations.vm[line 871, column 19]
2023-01-10 13:41:16,165 [https-jsse-nio-8443-exec-5] ERROR org.apache.velocity - Left side ($month.size()) of '>' operation has null value at show_aggregations.vm[line 871, column 40]
2023-01-10 13:41:16,165 [https-jsse-nio-8443-exec-5] ERROR org.apache.velocity - Left side ($week.size()) of '>' operation has null value at show_aggregations.vm[line 871, column 60]
2023-01-10 13:41:20,330 [https-jsse-nio-8443-exec-1] ERROR org.apache.velocity - Left side ($day.size()) of '>' operation has null value at show_aggregations.vm[line 187, column 19]
2023-01-10 13:41:20,330 [https-jsse-nio-8443-exec-1] ERROR org.apache.velocity - Left side ($week.size()) of '>' operation has null value at show_aggregations.vm[line 420, column 20]
2023-01-10 13:41:20,330 [https-jsse-nio-8443-exec-1] ERROR org.apache.velocity - Left side ($month.size()) of '>' operation has null value at show_aggregations.vm[line 649, column 21]
2023-01-10 13:41:20,330 [https-jsse-nio-8443-exec-1] ERROR org.apache.velocity - Left side ($day.size()) of '>' operation has null value at show_aggregations.vm[line 871, column 19]
2023-01-10 13:41:20,330 [https-jsse-nio-8443-exec-1] ERROR org.apache.velocity - Left side ($month.size()) of '>' operation has null value at show_aggregations.vm[line 871, column 40]
2023-01-10 13:41:20,330 [https-jsse-nio-8443-exec-1] ERROR org.apache.velocity - Left side ($week.size()) of '>' operation has null value at show_aggregations.vm[line 871, column 60]
2023-01-10 13:44:02,097 [https-jsse-nio-8443-exec-1] ERROR org.apache.velocity - Left side ($results.size()) of '>' operation has null value at sessionLog.vm[line 435, column 39]
2023-01-10 13:44:25,010 [https-jsse-nio-8443-exec-4] ERROR org.apache.velocity - Left side ($results.size()) of '>' operation has null value at sessionLog.vm[line 435, column 39]
2023-01-10 13:44:31,158 [https-jsse-nio-8443-exec-10] ERROR org.apache.velocity - Left side ($results.size()) of '>' operation has null value at sessionLog.vm[line 435, column 39]
2023-01-10 13:45:18,956 [https-jsse-nio-8443-exec-10] ERROR org.apache.velocity - Left side ($results.size()) of '>' operation has null value at sessionLog.vm[line 435, column 39]
2023-01-10 13:45:23,171 [https-jsse-nio-8443-exec-8] ERROR org.apache.velocity - Left side ($results.size()) of '>' operation has null value at sessionLog.vm[line 435, column 39]
2023-01-10 13:47:53,400 [https-jsse-nio-8443-exec-3] ERROR org.apache.velocity - Left side ($genRowInfo.size()) of '>' operation has null value at datarowinfo.vm[line 119, column 26]
2023-01-10 13:48:53,871 [https-jsse-nio-8443-exec-3] ERROR org.apache.velocity - Left side ($genRowInfo.size()) of '>' operation has null value at datarowinfo.vm[line 119, column 26]
2023-01-10 13:49:14,530 [https-jsse-nio-8443-exec-8] ERROR org.apache.velocity - Left side ($genRowInfo.size()) of '>' operation has null value at datarowinfo.vm[line 119, column 26]
2023-01-10 13:49:19,150 [https-jsse-nio-8443-exec-2] ERROR org.apache.velocity - Left side ($genRowInfo.size()) of '>' operation has null value at datarowinfo.vm[line 119, column 26]
2023-01-10 13:50:55,958 [https-jsse-nio-8443-exec-4] ERROR org.apache.velocity - Left side ($measArray.size()) of '>' operation has null value at datarowsummary.vm[line 99, column 47]
2023-01-10 13:51:16,798 [https-jsse-nio-8443-exec-5] ERROR org.apache.velocity - Left side ($measArray.size()) of '>' operation has null value at datarowsummary.vm[line 99, column 47]
2023-01-10 13:51:29,081 [https-jsse-nio-8443-exec-10] ERROR org.apache.velocity - Left side ($measArray.size()) of '>' operation has null value at datarowsummary.vm[line 99, column 47]
2023-01-10 13:51:33,712 [https-jsse-nio-8443-exec-6] ERROR org.apache.velocity - Left side ($measArray.size()) of '>' operation has null value at datarowsummary.vm[line 99, column 47]
2023-01-10 13:54:31,895 [https-jsse-nio-8443-exec-4] ERROR org.apache.velocity - Left side ($measArray.size()) of '>' operation has null value at datarowsummary.vm[line 99, column 47]
2023-01-10 13:54:37,055 [https-jsse-nio-8443-exec-6] ERROR org.apache.velocity - Left side ($measArray.size()) of '>' operation has null value at datarowsummary.vm[line 99, column 47]
2023-01-12 04:59:49,112 [https-jsse-nio-8443-exec-4] ERROR org.apache.velocity - Left side ($unassignedNodes) of '>' operation has null value at loader_status.vm[line 15, column 24]
2023-01-12 05:00:14,931 [https-jsse-nio-8443-exec-6] ERROR org.apache.velocity - Left side ($unassignedNodes) of '>' operation has null value at loader_status.vm[line 15, column 24]
2023-01-12 05:05:11,797 [https-jsse-nio-8443-exec-1] ERROR org.apache.velocity - Left side ($unassignedNodes) of '>' operation has null value at loader_status.vm[line 15, column 24]
2023-01-12 05:06:20,291 [https-jsse-nio-8443-exec-10] ERROR org.apache.velocity - Left side ($unassignedNodes) of '>' operation has null value at loader_status.vm[line 15, column 24]
2023-01-12 05:14:52,380 [https-jsse-nio-8443-exec-1] ERROR org.apache.velocity - Left side ($unassignedNodes) of '>' operation has null value at loader_status.vm[line 15, column 24]
2023-01-12 05:15:12,155 [https-jsse-nio-8443-exec-4] ERROR org.apache.velocity - Left side ($unassignedNodes) of '>' operation has null value at loader_status.vm[line 15, column 24]
2023-01-13 05:24:27,053 [https-jsse-nio-8443-exec-10] ERROR org.apache.velocity - Left side ($unassignedNodes) of '>' operation has null value at loader_status.vm[line 15, column 24]
2023-01-13 12:47:13,019 [https-jsse-nio-8443-exec-8] ERROR org.apache.velocity - Left side ($unassignedNodes) of '>' operation has null value at loader_status.vm[line 15, column 24]
2023-01-13 13:00:50,522 [https-jsse-nio-8443-exec-6] ERROR org.apache.velocity - Left side ($unassignedNodes) of '>' operation has null value at loader_status.vm[line 15, column 24]
2023-01-13 13:05:58,436 [https-jsse-nio-8443-exec-5] ERROR org.apache.velocity - Left side ($unassignedNodes) of '>' operation has null value at loader_status.vm[line 15, column 24]
2023-01-13 13:06:24,026 [https-jsse-nio-8443-exec-4] ERROR org.apache.velocity - Left side ($unassignedNodes) of '>' operation has null value at loader_status.vm[line 15, column 24]
2023-01-13 13:09:23,945 [https-jsse-nio-8443-exec-8] ERROR org.apache.velocity - Left side ($unassignedNodes) of '>' operation has null value at loader_status.vm[line 15, column 24]
2023-01-13 13:38:22,529 [https-jsse-nio-8443-exec-7] ERROR org.apache.velocity - Left side ($unassignedNodes) of '>' operation has null value at loader_status.vm[line 15, column 24]
2023-01-16 04:55:17,405 [https-jsse-nio-8443-exec-3] ERROR org.apache.velocity - Left side ($unassignedNodes) of '>' operation has null value at loader_status.vm[line 15, column 24]
2023-01-16 06:50:37,164 [https-jsse-nio-8443-exec-4] ERROR org.apache.velocity - Left side ($unassignedNodes) of '>' operation has null value at loader_status.vm[line 15, column 24]
2023-01-16 07:49:40,041 [https-jsse-nio-8443-exec-10] ERROR org.apache.velocity - Left side ($unassignedNodes) of '>' operation has null value at loader_status.vm[line 15, column 24]
2023-01-16 13:06:25,713 [https-jsse-nio-8443-exec-7] ERROR org.apache.velocity - Left side ($unassignedNodes) of '>' operation has null value at loader_status.vm[line 15, column 24]
2023-01-17 04:45:24,388 [https-jsse-nio-8443-exec-8] ERROR org.apache.velocity - Left side ($unassignedNodes) of '>' operation has null value at loader_status.vm[line 15, column 24]
2023-01-17 04:54:27,335 [https-jsse-nio-8443-exec-5] ERROR org.apache.velocity - Left side ($unassignedNodes) of '>' operation has null value at loader_status.vm[line 15, column 24]
2023-01-17 05:03:30,451 [https-jsse-nio-8443-exec-5] ERROR org.apache.velocity - Left side ($unassignedNodes) of '>' operation has null value at loader_status.vm[line 15, column 24]
2023-01-17 05:04:03,771 [https-jsse-nio-8443-exec-3] ERROR org.apache.velocity - Left side ($unassignedNodes) of '>' operation has null value at loader_status.vm[line 15, column 24]
2023-01-17 06:18:46,557 [https-jsse-nio-8443-exec-6] ERROR org.apache.velocity - Left side ($unassignedNodes) of '>' operation has null value at loader_status.vm[line 15, column 24]
2023-01-17 06:21:39,224 [https-jsse-nio-8443-exec-6] ERROR org.apache.velocity - Left side ($unassignedNodes) of '>' operation has null value at loader_status.vm[line 15, column 24]
2023-01-17 06:33:28,038 [https-jsse-nio-8443-exec-6] ERROR org.apache.velocity - Left side ($unassignedNodes) of '>' operation has null value at loader_status.vm[line 15, column 24]
2023-01-17 11:08:19,729 [https-jsse-nio-8443-exec-5] ERROR org.apache.velocity - Left side ($unassignedNodes) of '>' operation has null value at loader_status.vm[line 15, column 24]
2023-01-17 11:08:40,921 [https-jsse-nio-8443-exec-4] ERROR org.apache.velocity - Left side ($unassignedNodes) of '>' operation has null value at loader_status.vm[line 15, column 24]
2023-01-17 13:24:01,126 [https-jsse-nio-8443-exec-3] ERROR org.apache.velocity - Left side ($unassignedNodes) of '>' operation has null value at loader_status.vm[line 15, column 24]
2023-01-17 13:24:10,596 [https-jsse-nio-8443-exec-4] ERROR org.apache.velocity - Left side ($day.size()) of '>' operation has null value at show_aggregations.vm[line 187, column 19]
2023-01-17 13:24:10,596 [https-jsse-nio-8443-exec-4] ERROR org.apache.velocity - Left side ($week.size()) of '>' operation has null value at show_aggregations.vm[line 420, column 20]
2023-01-17 13:24:10,597 [https-jsse-nio-8443-exec-4] ERROR org.apache.velocity - Left side ($month.size()) of '>' operation has null value at show_aggregations.vm[line 649, column 21]
2023-01-17 13:24:10,597 [https-jsse-nio-8443-exec-4] ERROR org.apache.velocity - Left side ($day.size()) of '>' operation has null value at show_aggregations.vm[line 871, column 19]
2023-01-17 13:24:10,597 [https-jsse-nio-8443-exec-4] ERROR org.apache.velocity - Left side ($month.size()) of '>' operation has null value at show_aggregations.vm[line 871, column 40]
2023-01-17 13:24:10,597 [https-jsse-nio-8443-exec-4] ERROR org.apache.velocity - Left side ($week.size()) of '>' operation has null value at show_aggregations.vm[line 871, column 60]
2023-01-20 05:52:04,269 [https-jsse-nio-8443-exec-8] ERROR org.apache.velocity - Left side ($unassignedNodes) of '>' operation has null value at loader_status.vm[line 15, column 24]
2023-01-20 09:18:38,993 [https-jsse-nio-8443-exec-10] ERROR org.apache.velocity - Left side ($unassignedNodes) of '>' operation has null value at loader_status.vm[line 15, column 24]
2023-01-20 09:19:16,676 [https-jsse-nio-8443-exec-4] ERROR org.apache.velocity - Left side ($day.size()) of '>' operation has null value at show_aggregations.vm[line 187, column 19]
2023-01-20 09:19:16,676 [https-jsse-nio-8443-exec-4] ERROR org.apache.velocity - Left side ($week.size()) of '>' operation has null value at show_aggregations.vm[line 420, column 20]
2023-01-20 09:19:16,676 [https-jsse-nio-8443-exec-4] ERROR org.apache.velocity - Left side ($month.size()) of '>' operation has null value at show_aggregations.vm[line 649, column 21]
2023-01-20 09:19:16,676 [https-jsse-nio-8443-exec-4] ERROR org.apache.velocity - Left side ($day.size()) of '>' operation has null value at show_aggregations.vm[line 871, column 19]
2023-01-20 09:19:16,676 [https-jsse-nio-8443-exec-4] ERROR org.apache.velocity - Left side ($month.size()) of '>' operation has null value at show_aggregations.vm[line 871, column 40]
2023-01-20 09:19:16,676 [https-jsse-nio-8443-exec-4] ERROR org.apache.velocity - Left side ($week.size()) of '>' operation has null value at show_aggregations.vm[line 871, column 60]
2023-01-20 09:19:49,426 [https-jsse-nio-8443-exec-10] ERROR org.apache.velocity - Left side ($day.size()) of '>' operation has null value at show_aggregations.vm[line 187, column 19]
2023-01-20 09:19:49,427 [https-jsse-nio-8443-exec-10] ERROR org.apache.velocity - Left side ($week.size()) of '>' operation has null value at show_aggregations.vm[line 420, column 20]
2023-01-20 09:19:49,427 [https-jsse-nio-8443-exec-10] ERROR org.apache.velocity - Left side ($month.size()) of '>' operation has null value at show_aggregations.vm[line 649, column 21]
2023-01-20 09:19:49,427 [https-jsse-nio-8443-exec-10] ERROR org.apache.velocity - Left side ($day.size()) of '>' operation has null value at show_aggregations.vm[line 871, column 19]
2023-01-20 09:19:49,427 [https-jsse-nio-8443-exec-10] ERROR org.apache.velocity - Left side ($month.size()) of '>' operation has null value at show_aggregations.vm[line 871, column 40]
2023-01-20 09:19:49,427 [https-jsse-nio-8443-exec-10] ERROR org.apache.velocity - Left side ($week.size()) of '>' operation has null value at show_aggregations.vm[line 871, column 60]
2023-01-20 10:11:19,218 [https-jsse-nio-8443-exec-4] ERROR org.apache.velocity - Left side ($unassignedNodes) of '>' operation has null value at loader_status.vm[line 15, column 24]
2023-01-23 04:47:11,490 [https-jsse-nio-8443-exec-5] ERROR org.apache.velocity - Left side ($unassignedNodes) of '>' operation has null value at loader_status.vm[line 15, column 24]
2023-01-23 12:43:42,383 [https-jsse-nio-8443-exec-6] ERROR org.apache.velocity - Left side ($unassignedNodes) of '>' operation has null value at loader_status.vm[line 15, column 24]
2023-01-23 12:44:12,182 [https-jsse-nio-8443-exec-10] ERROR org.apache.velocity - Left side ($unassignedNodes) of '>' operation has null value at loader_status.vm[line 15, column 24]
2023-01-23 12:44:52,279 [https-jsse-nio-8443-exec-6] ERROR org.apache.velocity - Left side ($unassignedNodes) of '>' operation has null value at loader_status.vm[line 15, column 24]
2023-01-23 12:45:00,303 [https-jsse-nio-8443-exec-4] ERROR org.apache.velocity - Left side ($unassignedNodes) of '>' operation has null value at loader_status.vm[line 15, column 24]
2023-01-25 05:08:55,692 [https-jsse-nio-8443-exec-6] ERROR org.apache.velocity - Left side ($unassignedNodes) of '>' operation has null value at loader_status.vm[line 15, column 24]
2023-01-25 05:51:46,960 [https-jsse-nio-8443-exec-10] ERROR org.apache.velocity - Left side ($unassignedNodes) of '>' operation has null value at loader_status.vm[line 15, column 24]
2023-01-25 11:22:04,809 [https-jsse-nio-8443-exec-10] ERROR org.apache.velocity - Left side ($unassignedNodes) of '>' operation has null value at loader_status.vm[line 15, column 24]
2023-01-25 11:28:16,740 [https-jsse-nio-8443-exec-1] ERROR org.apache.velocity - Left side ($unassignedNodes) of '>' operation has null value at loader_status.vm[line 15, column 24]
2023-01-25 12:16:33,230 [https-jsse-nio-8443-exec-1] ERROR org.apache.velocity - ResourceManager : unable to find resource 'feature_availability_update_1.vm' in any resource loader.
2023-01-25 12:16:49,535 [https-jsse-nio-8443-exec-1] ERROR org.apache.velocity - ResourceManager : unable to find resource 'feature_availability_update_1.vm' in any resource loader.
2023-01-25 12:16:57,663 [https-jsse-nio-8443-exec-4] ERROR org.apache.velocity - ResourceManager : unable to find resource 'feature_availability_update_1.vm' in any resource loader.
2023-01-25 12:17:16,353 [https-jsse-nio-8443-exec-9] ERROR org.apache.velocity - ResourceManager : unable to find resource 'feature_availability_update_1.vm' in any resource loader.
2023-01-25 12:17:17,816 [https-jsse-nio-8443-exec-3] ERROR org.apache.velocity - Left side ($unassignedNodes) of '>' operation has null value at loader_status.vm[line 15, column 24]
2023-01-25 12:24:47,801 [https-jsse-nio-8443-exec-1] ERROR org.apache.velocity - Left side ($unassignedNodes) of '>' operation has null value at loader_status.vm[line 15, column 24]
2023-01-27 09:18:50,755 [https-jsse-nio-8443-exec-2] ERROR org.apache.velocity - Left side ($unassignedNodes) of '>' operation has null value at loader_status.vm[line 15, column 24]
2023-01-27 09:19:13,817 [https-jsse-nio-8443-exec-4] ERROR org.apache.velocity - Left side ($unassignedNodes) of '>' operation has null value at loader_status.vm[line 15, column 24]
2023-01-27 12:30:41,882 [https-jsse-nio-8443-exec-8] ERROR org.apache.velocity - Left side ($unassignedNodes) of '>' operation has null value at loader_status.vm[line 15, column 24]
2023-01-30 05:02:06,581 [https-jsse-nio-8443-exec-9] ERROR org.apache.velocity - Left side ($unassignedNodes) of '>' operation has null value at loader_status.vm[line 15, column 24]
2023-01-30 06:08:16,849 [https-jsse-nio-8443-exec-2] ERROR org.apache.velocity - Left side ($unassignedNodes) of '>' operation has null value at loader_status.vm[line 15, column 24]
2023-01-30 06:43:26,564 [https-jsse-nio-8443-exec-6] ERROR org.apache.velocity - Left side ($unassignedNodes) of '>' operation has null value at loader_status.vm[line 15, column 24]
2023-01-30 06:43:39,557 [https-jsse-nio-8443-exec-7] ERROR org.apache.velocity - Left side ($unassignedNodes) of '>' operation has null value at loader_status.vm[line 15, column 24]
2023-01-30 06:53:06,250 [https-jsse-nio-8443-exec-5] ERROR org.apache.velocity - Left side ($unassignedNodes) of '>' operation has null value at loader_status.vm[line 15, column 24]
2023-01-30 07:11:39,965 [https-jsse-nio-8443-exec-3] ERROR org.apache.velocity - Left side ($unassignedNodes) of '>' operation has null value at loader_status.vm[line 15, column 24]
2023-01-30 10:31:21,718 [https-jsse-nio-8443-exec-5] ERROR org.apache.velocity - Left side ($unassignedNodes) of '>' operation has null value at loader_status.vm[line 15, column 24]
2023-01-30 12:42:38,937 [https-jsse-nio-8443-exec-6] ERROR org.apache.velocity - Left side ($unassignedNodes) of '>' operation has null value at loader_status.vm[line 15, column 24]
2023-01-30 12:54:21,234 [https-jsse-nio-8443-exec-3] ERROR org.apache.velocity - Left side ($unassignedNodes) of '>' operation has null value at loader_status.vm[line 15, column 24]
2023-01-30 12:54:28,246 [https-jsse-nio-8443-exec-8] ERROR org.apache.velocity - Left side ($unassignedNodes) of '>' operation has null value at loader_status.vm[line 15, column 24]
2023-01-30 12:54:29,446 [https-jsse-nio-8443-exec-5] ERROR org.apache.velocity - Left side ($unassignedNodes) of '>' operation has null value at loader_status.vm[line 15, column 24]
2023-01-30 12:54:30,689 [https-jsse-nio-8443-exec-1] ERROR org.apache.velocity - Left side ($unassignedNodes) of '>' operation has null value at loader_status.vm[line 15, column 24]
2023-01-30 12:54:31,915 [https-jsse-nio-8443-exec-9] ERROR org.apache.velocity - Left side ($unassignedNodes) of '>' operation has null value at loader_status.vm[line 15, column 24]
2023-01-30 12:54:32,075 [https-jsse-nio-8443-exec-3] ERROR org.apache.velocity - Left side ($unassignedNodes) of '>' operation has null value at loader_status.vm[line 15, column 24]
2023-01-30 12:54:33,091 [https-jsse-nio-8443-exec-4] ERROR org.apache.velocity - Left side ($unassignedNodes) of '>' operation has null value at loader_status.vm[line 15, column 24]
2023-01-30 12:54:35,003 [https-jsse-nio-8443-exec-6] ERROR org.apache.velocity - Left side ($unassignedNodes) of '>' operation has null value at loader_status.vm[line 15, column 24]
2023-01-30 12:54:39,503 [https-jsse-nio-8443-exec-7] ERROR org.apache.velocity - Left side ($unassignedNodes) of '>' operation has null value at loader_status.vm[line 15, column 24]
2023-01-30 12:54:55,080 [https-jsse-nio-8443-exec-4] ERROR org.apache.velocity - Left side ($unassignedNodes) of '>' operation has null value at loader_status.vm[line 15, column 24]
2023-01-31 06:14:46,893 [https-jsse-nio-8443-exec-6] ERROR org.apache.velocity - Left side ($unassignedNodes) of '>' operation has null value at loader_status.vm[line 15, column 24]
2023-01-31 07:38:01,404 [https-jsse-nio-8443-exec-5] ERROR org.apache.velocity - Left side ($unassignedNodes) of '>' operation has null value at loader_status.vm[line 15, column 24]
2023-01-31 07:43:54,120 [https-jsse-nio-8443-exec-7] ERROR org.apache.velocity - Left side ($unassignedNodes) of '>' operation has null value at loader_status.vm[line 15, column 24]
2023-01-31 07:48:34,999 [https-jsse-nio-8443-exec-9] ERROR org.apache.velocity - Left side ($unassignedNodes) of '>' operation has null value at loader_status.vm[line 15, column 24]
2023-01-31 08:06:04,741 [https-jsse-nio-8443-exec-10] ERROR org.apache.velocity - Left side ($unassignedNodes) of '>' operation has null value at loader_status.vm[line 15, column 24]
2023-01-31 09:19:38,559 [https-jsse-nio-8443-exec-5] ERROR org.apache.velocity - Left side ($unassignedNodes) of '>' operation has null value at loader_status.vm[line 15, column 24]
2023-01-31 10:12:05,109 [https-jsse-nio-8443-exec-10] ERROR org.apache.velocity - Left side ($unassignedNodes) of '>' operation has null value at loader_status.vm[line 15, column 24]
2023-01-31 10:14:17,097 [https-jsse-nio-8443-exec-7] ERROR org.apache.velocity - Left side ($unassignedNodes) of '>' operation has null value at loader_status.vm[line 15, column 24]
2023-01-31 10:49:16,750 [https-jsse-nio-8443-exec-1] ERROR org.apache.velocity - Left side ($unassignedNodes) of '>' operation has null value at loader_status.vm[line 15, column 24]
2023-01-31 11:03:02,430 [https-jsse-nio-8443-exec-7] ERROR org.apache.velocity - Left side ($unassignedNodes) of '>' operation has null value at loader_status.vm[line 15, column 24]
2023-01-31 11:04:04,111 [https-jsse-nio-8443-exec-10] ERROR org.apache.velocity - Left side ($unassignedNodes) of '>' operation has null value at loader_status.vm[line 15, column 24]
2023-01-31 11:35:53,343 [https-jsse-nio-8443-exec-4] ERROR org.apache.velocity - Left side ($unassignedNodes) of '>' operation has null value at loader_status.vm[line 15, column 24]
2023-01-31 11:37:16,416 [https-jsse-nio-8443-exec-5] ERROR org.apache.velocity - Left side ($unassignedNodes) of '>' operation has null value at loader_status.vm[line 15, column 24]
2023-01-31 11:38:52,680 [https-jsse-nio-8443-exec-6] ERROR org.apache.velocity - Left side ($unassignedNodes) of '>' operation has null value at loader_status.vm[line 15, column 24]
2023-01-31 12:21:11,810 [https-jsse-nio-8443-exec-9] ERROR org.apache.velocity - Left side ($unassignedNodes) of '>' operation has null value at loader_status.vm[line 15, column 24]
2023-01-31 12:21:34,766 [https-jsse-nio-8443-exec-5] ERROR org.apache.velocity - Left side ($unassignedNodes) of '>' operation has null value at loader_status.vm[line 15, column 24]
2023-01-31 12:22:03,181 [https-jsse-nio-8443-exec-6] ERROR org.apache.velocity - Left side ($unassignedNodes) of '>' operation has null value at loader_status.vm[line 15, column 24]
2023-02-01 04:40:45,137 [https-jsse-nio-8443-exec-2] ERROR org.apache.velocity - Left side ($unassignedNodes) of '>' operation has null value at loader_status.vm[line 15, column 24]
2023-02-01 06:44:58,019 [https-jsse-nio-8443-exec-8] ERROR org.apache.velocity - Left side ($unassignedNodes) of '>' operation has null value at loader_status.vm[line 15, column 24]
2023-02-02 12:01:42,165 [https-jsse-nio-8443-exec-1] ERROR org.apache.velocity - Left side ($unassignedNodes) of '>' operation has null value at loader_status.vm[line 15, column 24]
2023-02-02 12:02:29,800 [https-jsse-nio-8443-exec-1] ERROR org.apache.velocity - Left side ($unassignedNodes) of '>' operation has null value at loader_status.vm[line 15, column 24]
2023-02-02 12:33:52,229 [https-jsse-nio-8443-exec-4] ERROR org.apache.velocity - Left side ($unassignedNodes) of '>' operation has null value at loader_status.vm[line 15, column 24]
2023-02-02 12:35:01,583 [https-jsse-nio-8443-exec-3] ERROR org.apache.velocity - Left side ($unassignedNodes) of '>' operation has null value at loader_status.vm[line 15, column 24]
2023-02-02 12:36:49,517 [https-jsse-nio-8443-exec-4] ERROR org.apache.velocity - Left side ($unassignedNodes) of '>' operation has null value at loader_status.vm[line 15, column 24]
2023-02-02 12:38:24,807 [https-jsse-nio-8443-exec-9] ERROR org.apache.velocity - Left side ($unassignedNodes) of '>' operation has null value at loader_status.vm[line 15, column 24]
2023-02-03 05:12:31,177 [https-jsse-nio-8443-exec-7] ERROR org.apache.velocity - Left side ($unassignedNodes) of '>' operation has null value at loader_status.vm[line 15, column 24]
2023-02-03 05:24:07,040 [https-jsse-nio-8443-exec-8] ERROR org.apache.velocity - Left side ($unassignedNodes) of '>' operation has null value at loader_status.vm[line 15, column 24]
2023-02-03 05:24:29,670 [https-jsse-nio-8443-exec-9] ERROR org.apache.velocity - Left side ($unassignedNodes) of '>' operation has null value at loader_status.vm[line 15, column 24]
2023-02-03 08:14:09,430 [https-jsse-nio-8443-exec-10] ERROR org.apache.velocity - Left side ($unassignedNodes) of '>' operation has null value at loader_status.vm[line 15, column 24]
2023-02-03 08:14:33,228 [https-jsse-nio-8443-exec-4] ERROR org.apache.velocity - Left side ($unassignedNodes) of '>' operation has null value at loader_status.vm[line 15, column 24]
2023-02-03 12:44:42,417 [https-jsse-nio-8443-exec-6] ERROR org.apache.velocity - Left side ($unassignedNodes) of '>' operation has null value at loader_status.vm[line 15, column 24]
2023-02-03 14:37:07,986 [https-jsse-nio-8443-exec-2] ERROR org.apache.velocity - Left side ($unassignedNodes) of '>' operation has null value at loader_status.vm[line 15, column 24]
2023-02-03 14:37:19,729 [https-jsse-nio-8443-exec-4] ERROR org.apache.velocity - Left side ($unassignedNodes) of '>' operation has null value at loader_status.vm[line 15, column 24]
2023-02-06 06:03:17,713 [https-jsse-nio-8443-exec-9] ERROR org.apache.velocity - Left side ($unassignedNodes) of '>' operation has null value at loader_status.vm[line 15, column 24]
2023-02-06 06:38:09,085 [https-jsse-nio-8443-exec-1] ERROR org.apache.velocity - Left side ($unassignedNodes) of '>' operation has null value at loader_status.vm[line 15, column 24]
2023-02-13 06:13:13,147 [https-jsse-nio-8443-exec-10] ERROR org.apache.velocity - Left side ($unassignedNodes) of '>' operation has null value at loader_status.vm[line 15, column 24]
2023-02-13 06:16:18,799 [https-jsse-nio-8443-exec-9] ERROR org.apache.velocity - Left side ($unassignedNodes) of '>' operation has null value at loader_status.vm[line 15, column 24]
2023-02-13 12:59:59,693 [https-jsse-nio-8443-exec-4] ERROR org.apache.velocity - Left side ($unassignedNodes) of '>' operation has null value at loader_status.vm[line 15, column 24]
2023-02-16 11:52:32,950 [https-jsse-nio-8443-exec-8] ERROR org.apache.velocity - Left side ($unassignedNodes) of '>' operation has null value at loader_status.vm[line 15, column 24]
2023-02-16 11:57:08,038 [https-jsse-nio-8443-exec-10] ERROR org.apache.velocity - Left side ($meaTypesForTechPack.size()) of '>' operation has null value at datarowinfo.vm[line 37, column 51]
2023-02-16 11:57:08,039 [https-jsse-nio-8443-exec-10] ERROR org.apache.velocity - Left side ($meaTypesForTechPack.size()) of '>' operation has null value at datarowinfo.vm[line 59, column 51]
2023-02-16 11:57:08,039 [https-jsse-nio-8443-exec-10] ERROR org.apache.velocity - Left side ($genRowInfo.size()) of '>' operation has null value at datarowinfo.vm[line 119, column 26]
2023-02-16 11:57:19,958 [https-jsse-nio-8443-exec-6] ERROR org.apache.velocity - Left side ($genRowInfo.size()) of '>' operation has null value at datarowinfo.vm[line 119, column 26]
2023-02-16 12:00:23,079 [https-jsse-nio-8443-exec-2] ERROR org.apache.velocity - Left side ($measArray.size()) of '>' operation has null value at datarowsummary.vm[line 99, column 47]
2023-02-16 12:04:33,153 [https-jsse-nio-8443-exec-7] ERROR org.apache.velocity - Left side ($day.size()) of '>' operation has null value at show_aggregations.vm[line 187, column 19]
2023-02-16 12:04:33,154 [https-jsse-nio-8443-exec-7] ERROR org.apache.velocity - Left side ($week.size()) of '>' operation has null value at show_aggregations.vm[line 420, column 20]
2023-02-16 12:04:33,154 [https-jsse-nio-8443-exec-7] ERROR org.apache.velocity - Left side ($month.size()) of '>' operation has null value at show_aggregations.vm[line 649, column 21]
2023-02-16 12:04:33,154 [https-jsse-nio-8443-exec-7] ERROR org.apache.velocity - Left side ($day.size()) of '>' operation has null value at show_aggregations.vm[line 871, column 19]
2023-02-16 12:04:33,154 [https-jsse-nio-8443-exec-7] ERROR org.apache.velocity - Left side ($month.size()) of '>' operation has null value at show_aggregations.vm[line 871, column 40]
2023-02-16 12:04:33,154 [https-jsse-nio-8443-exec-7] ERROR org.apache.velocity - Left side ($week.size()) of '>' operation has null value at show_aggregations.vm[line 871, column 60]
2023-02-16 12:15:01,753 [https-jsse-nio-8443-exec-6] ERROR org.apache.velocity - Left side ($day.size()) of '>' operation has null value at show_aggregations.vm[line 187, column 19]
2023-02-16 12:15:01,754 [https-jsse-nio-8443-exec-6] ERROR org.apache.velocity - Left side ($week.size()) of '>' operation has null value at show_aggregations.vm[line 420, column 20]
2023-02-16 12:15:01,754 [https-jsse-nio-8443-exec-6] ERROR org.apache.velocity - Left side ($month.size()) of '>' operation has null value at show_aggregations.vm[line 649, column 21]
2023-02-16 12:15:01,754 [https-jsse-nio-8443-exec-6] ERROR org.apache.velocity - Left side ($day.size()) of '>' operation has null value at show_aggregations.vm[line 871, column 19]
2023-02-16 12:15:01,754 [https-jsse-nio-8443-exec-6] ERROR org.apache.velocity - Left side ($month.size()) of '>' operation has null value at show_aggregations.vm[line 871, column 40]
2023-02-16 12:15:01,754 [https-jsse-nio-8443-exec-6] ERROR org.apache.velocity - Left side ($week.size()) of '>' operation has null value at show_aggregations.vm[line 871, column 60]
2023-02-16 12:15:20,309 [https-jsse-nio-8443-exec-9] ERROR org.apache.velocity - Left side ($day.size()) of '>' operation has null value at show_aggregations.vm[line 187, column 19]
2023-02-16 12:15:20,310 [https-jsse-nio-8443-exec-9] ERROR org.apache.velocity - Left side ($week.size()) of '>' operation has null value at show_aggregations.vm[line 420, column 20]
2023-02-16 12:15:20,310 [https-jsse-nio-8443-exec-9] ERROR org.apache.velocity - Left side ($month.size()) of '>' operation has null value at show_aggregations.vm[line 649, column 21]
2023-02-16 12:15:20,310 [https-jsse-nio-8443-exec-9] ERROR org.apache.velocity - Left side ($day.size()) of '>' operation has null value at show_aggregations.vm[line 871, column 19]
2023-02-16 12:15:20,310 [https-jsse-nio-8443-exec-9] ERROR org.apache.velocity - Left side ($month.size()) of '>' operation has null value at show_aggregations.vm[line 871, column 40]
2023-02-16 12:15:20,310 [https-jsse-nio-8443-exec-9] ERROR org.apache.velocity - Left side ($week.size()) of '>' operation has null value at show_aggregations.vm[line 871, column 60]
2023-02-16 12:19:18,115 [https-jsse-nio-8443-exec-6] ERROR org.apache.velocity - Left side ($day.size()) of '>' operation has null value at show_aggregations.vm[line 187, column 19]
2023-02-16 12:19:18,115 [https-jsse-nio-8443-exec-6] ERROR org.apache.velocity - Left side ($week.size()) of '>' operation has null value at show_aggregations.vm[line 420, column 20]
2023-02-16 12:19:18,115 [https-jsse-nio-8443-exec-6] ERROR org.apache.velocity - Left side ($month.size()) of '>' operation has null value at show_aggregations.vm[line 649, column 21]
2023-02-16 12:19:18,116 [https-jsse-nio-8443-exec-6] ERROR org.apache.velocity - Left side ($day.size()) of '>' operation has null value at show_aggregations.vm[line 871, column 19]
2023-02-16 12:19:18,116 [https-jsse-nio-8443-exec-6] ERROR org.apache.velocity - Left side ($month.size()) of '>' operation has null value at show_aggregations.vm[line 871, column 40]
2023-02-16 12:19:18,116 [https-jsse-nio-8443-exec-6] ERROR org.apache.velocity - Left side ($week.size()) of '>' operation has null value at show_aggregations.vm[line 871, column 60]
